<?xml version="1.0" encoding="UTF-8"?>
<!-- Generated by org.testng.reporters.JUnitReportReporter -->
<testsuite hostname="Acer-Nitro-5" failures="0" tests="1" name="com.browserstack.tests.WebScraperTestRemote" time="22.625" errors="0" timestamp="2024-12-30T12:43:15 IST" skipped="0">
  <testcase classname="com.browserstack.tests.WebScraperTestRemote" name="testScrapeArticles" time="22.625"/>
  <system-out/>
</testsuite> <!-- com.browserstack.tests.WebScraperTestRemote -->
